<?xml version="1.0" encoding="UTF-8"?>
<!-- Generated by org.testng.reporters.JUnitXMLReporter -->
<testsuite ignored="0" hostname="DESKTOP-15SGT2T" failures="0" tests="0" name="Test" time="0.131" errors="0" timestamp="2023-07-23T16:44:29 PDT">
  <testcase classname="com.qa.testBase.TestBase" name="@BeforeClass start" time="0.024">
    <failure type="java.lang.Error" message="Unresolved compilation problems: 
	The method getLogger(String) is undefined for the type Logger
	PropertyConfigurator cannot be resolved
	The method info(String) is undefined for the type Logger
">
      <![CDATA[java.lang.Error: Unresolved compilation problems: 
The method getLogger(String) is undefined for the type Logger
PropertyConfigurator cannot be resolved
The method info(String) is undefined for the type Logger

at com.qa.testBase.TestBase.start(TestBase.java:33)
at java.base/java.util.ArrayList.forEach(ArrayList.java:1511)
... Removed 23 stack frames]]>
    </failure>
  </testcase> <!-- @BeforeClass start -->
  <testcase classname="com.qa.testBase.TestBase" name="@BeforeMethod setUp" time="0.0">
    <skipped/>
  </testcase> <!-- @BeforeMethod setUp -->
</testsuite> <!-- Test -->
